[0.633s] Invoking command in '/home/vsss/repos/vsss24-ws/src/univector': PYTHONPATH=/home/vsss/repos/vsss24-ws/build/univector/prefix_override:/home/vsss/repos/vsss24-ws/install/univector/lib/python3.10/site-packages:${PYTHONPATH} /usr/bin/python3 setup.py egg_info --egg-base ../../build/univector build --build-base /home/vsss/repos/vsss24-ws/build/univector/build install --record /home/vsss/repos/vsss24-ws/build/univector/install.log --single-version-externally-managed
[0.860s] running egg_info
[0.861s] writing ../../build/univector/univector.egg-info/PKG-INFO
[0.861s] writing dependency_links to ../../build/univector/univector.egg-info/dependency_links.txt
[0.861s] writing entry points to ../../build/univector/univector.egg-info/entry_points.txt
[0.861s] writing requirements to ../../build/univector/univector.egg-info/requires.txt
[0.861s] writing top-level names to ../../build/univector/univector.egg-info/top_level.txt
[0.864s] reading manifest file '../../build/univector/univector.egg-info/SOURCES.txt'
[0.864s] adding license file 'LICENSE'
[0.865s] writing manifest file '../../build/univector/univector.egg-info/SOURCES.txt'
[0.865s] running build
[0.865s] running build_py
[0.866s] running install
[0.866s] /usr/lib/python3/dist-packages/setuptools/command/install.py:34: SetuptoolsDeprecationWarning: setup.py install is deprecated. Use build and pip and other standards-based tools.
[0.866s]   warnings.warn(
[0.866s] running install_lib
[0.867s] running install_data
[0.868s] running install_egg_info
[0.869s] removing '/home/vsss/repos/vsss24-ws/install/univector/lib/python3.10/site-packages/univector-0.0.0-py3.10.egg-info' (and everything under it)
[0.869s] Copying ../../build/univector/univector.egg-info to /home/vsss/repos/vsss24-ws/install/univector/lib/python3.10/site-packages/univector-0.0.0-py3.10.egg-info
[0.870s] running install_scripts
[0.887s] writing list of installed files to '/home/vsss/repos/vsss24-ws/build/univector/install.log'
[0.905s] Invoked command in '/home/vsss/repos/vsss24-ws/src/univector' returned '0': PYTHONPATH=/home/vsss/repos/vsss24-ws/build/univector/prefix_override:/home/vsss/repos/vsss24-ws/install/univector/lib/python3.10/site-packages:${PYTHONPATH} /usr/bin/python3 setup.py egg_info --egg-base ../../build/univector build --build-base /home/vsss/repos/vsss24-ws/build/univector/build install --record /home/vsss/repos/vsss24-ws/build/univector/install.log --single-version-externally-managed
