running egg_info
writing ../../build/univector/univector.egg-info/PKG-INFO
writing dependency_links to ../../build/univector/univector.egg-info/dependency_links.txt
writing entry points to ../../build/univector/univector.egg-info/entry_points.txt
writing requirements to ../../build/univector/univector.egg-info/requires.txt
writing top-level names to ../../build/univector/univector.egg-info/top_level.txt
reading manifest file '../../build/univector/univector.egg-info/SOURCES.txt'
adding license file 'LICENSE'
writing manifest file '../../build/univector/univector.egg-info/SOURCES.txt'
running build
running build_py
copying univector/un_field.py -> /home/vsss/repos/vsss24-ws/build/univector/build/lib/univector
copying univector/debug.py -> /home/vsss/repos/vsss24-ws/build/univector/build/lib/univector
running install
running install_lib
copying /home/vsss/repos/vsss24-ws/build/univector/build/lib/univector/un_field.py -> /home/vsss/repos/vsss24-ws/install/univector/lib/python3.10/site-packages/univector
copying /home/vsss/repos/vsss24-ws/build/univector/build/lib/univector/debug.py -> /home/vsss/repos/vsss24-ws/install/univector/lib/python3.10/site-packages/univector
copying /home/vsss/repos/vsss24-ws/build/univector/build/lib/univector/univector/debug.py -> /home/vsss/repos/vsss24-ws/install/univector/lib/python3.10/site-packages/univector/univector
byte-compiling /home/vsss/repos/vsss24-ws/install/univector/lib/python3.10/site-packages/univector/un_field.py to un_field.cpython-310.pyc
byte-compiling /home/vsss/repos/vsss24-ws/install/univector/lib/python3.10/site-packages/univector/debug.py to debug.cpython-310.pyc
byte-compiling /home/vsss/repos/vsss24-ws/install/univector/lib/python3.10/site-packages/univector/univector/debug.py to debug.cpython-310.pyc
running install_data
running install_egg_info
removing '/home/vsss/repos/vsss24-ws/install/univector/lib/python3.10/site-packages/univector-0.0.0-py3.10.egg-info' (and everything under it)
Copying ../../build/univector/univector.egg-info to /home/vsss/repos/vsss24-ws/install/univector/lib/python3.10/site-packages/univector-0.0.0-py3.10.egg-info
running install_scripts
writing list of installed files to '/home/vsss/repos/vsss24-ws/build/univector/install.log'
