running egg_info
creating ../../build/univector/univector.egg-info
writing ../../build/univector/univector.egg-info/PKG-INFO
writing dependency_links to ../../build/univector/univector.egg-info/dependency_links.txt
writing entry points to ../../build/univector/univector.egg-info/entry_points.txt
writing requirements to ../../build/univector/univector.egg-info/requires.txt
writing top-level names to ../../build/univector/univector.egg-info/top_level.txt
writing manifest file '../../build/univector/univector.egg-info/SOURCES.txt'
reading manifest file '../../build/univector/univector.egg-info/SOURCES.txt'
adding license file 'LICENSE'
writing manifest file '../../build/univector/univector.egg-info/SOURCES.txt'
running build
running build_py
creating /home/vsss/repos/vsss24-ws/build/univector/build
creating /home/vsss/repos/vsss24-ws/build/univector/build/lib
creating /home/vsss/repos/vsss24-ws/build/univector/build/lib/univector
copying univector/definitions.py -> /home/vsss/repos/vsss24-ws/build/univector/build/lib/univector
copying univector/__init__.py -> /home/vsss/repos/vsss24-ws/build/univector/build/lib/univector
creating /home/vsss/repos/vsss24-ws/build/univector/build/lib/univector/univector
copying univector/univector/un_field.py -> /home/vsss/repos/vsss24-ws/build/univector/build/lib/univector/univector
copying univector/univector/debug.py -> /home/vsss/repos/vsss24-ws/build/univector/build/lib/univector/univector
copying univector/univector/__init__.py -> /home/vsss/repos/vsss24-ws/build/univector/build/lib/univector/univector
running install
/usr/lib/python3/dist-packages/setuptools/command/install.py:34: SetuptoolsDeprecationWarning: setup.py install is deprecated. Use build and pip and other standards-based tools.
  warnings.warn(
running install_lib
creating /home/vsss/repos/vsss24-ws/install/univector/lib/python3.10/site-packages/univector
copying /home/vsss/repos/vsss24-ws/build/univector/build/lib/univector/definitions.py -> /home/vsss/repos/vsss24-ws/install/univector/lib/python3.10/site-packages/univector
copying /home/vsss/repos/vsss24-ws/build/univector/build/lib/univector/__init__.py -> /home/vsss/repos/vsss24-ws/install/univector/lib/python3.10/site-packages/univector
creating /home/vsss/repos/vsss24-ws/install/univector/lib/python3.10/site-packages/univector/univector
copying /home/vsss/repos/vsss24-ws/build/univector/build/lib/univector/univector/un_field.py -> /home/vsss/repos/vsss24-ws/install/univector/lib/python3.10/site-packages/univector/univector
copying /home/vsss/repos/vsss24-ws/build/univector/build/lib/univector/univector/debug.py -> /home/vsss/repos/vsss24-ws/install/univector/lib/python3.10/site-packages/univector/univector
copying /home/vsss/repos/vsss24-ws/build/univector/build/lib/univector/univector/__init__.py -> /home/vsss/repos/vsss24-ws/install/univector/lib/python3.10/site-packages/univector/univector
byte-compiling /home/vsss/repos/vsss24-ws/install/univector/lib/python3.10/site-packages/univector/definitions.py to definitions.cpython-310.pyc
byte-compiling /home/vsss/repos/vsss24-ws/install/univector/lib/python3.10/site-packages/univector/__init__.py to __init__.cpython-310.pyc
byte-compiling /home/vsss/repos/vsss24-ws/install/univector/lib/python3.10/site-packages/univector/univector/un_field.py to un_field.cpython-310.pyc
byte-compiling /home/vsss/repos/vsss24-ws/install/univector/lib/python3.10/site-packages/univector/univector/debug.py to debug.cpython-310.pyc
byte-compiling /home/vsss/repos/vsss24-ws/install/univector/lib/python3.10/site-packages/univector/univector/__init__.py to __init__.cpython-310.pyc
running install_data
creating /home/vsss/repos/vsss24-ws/install/univector/share/ament_index
creating /home/vsss/repos/vsss24-ws/install/univector/share/ament_index/resource_index
creating /home/vsss/repos/vsss24-ws/install/univector/share/ament_index/resource_index/packages
copying resource/univector -> /home/vsss/repos/vsss24-ws/install/univector/share/ament_index/resource_index/packages
copying package.xml -> /home/vsss/repos/vsss24-ws/install/univector/share/univector
running install_egg_info
Copying ../../build/univector/univector.egg-info to /home/vsss/repos/vsss24-ws/install/univector/lib/python3.10/site-packages/univector-0.0.0-py3.10.egg-info
running install_scripts
writing list of installed files to '/home/vsss/repos/vsss24-ws/build/univector/install.log'
