[0.649s] Invoking command in '/home/vsss/repos/vsss24-ws/src/univector': PYTHONPATH=/home/vsss/repos/vsss24-ws/build/univector/prefix_override:/home/vsss/repos/vsss24-ws/install/univector/lib/python3.10/site-packages:${PYTHONPATH} /usr/bin/python3 setup.py egg_info --egg-base ../../build/univector build --build-base /home/vsss/repos/vsss24-ws/build/univector/build install --record /home/vsss/repos/vsss24-ws/build/univector/install.log --single-version-externally-managed
[0.873s] running egg_info
[0.873s] creating ../../build/univector/univector.egg-info
[0.874s] writing ../../build/univector/univector.egg-info/PKG-INFO
[0.874s] writing dependency_links to ../../build/univector/univector.egg-info/dependency_links.txt
[0.874s] writing entry points to ../../build/univector/univector.egg-info/entry_points.txt
[0.874s] writing requirements to ../../build/univector/univector.egg-info/requires.txt
[0.874s] writing top-level names to ../../build/univector/univector.egg-info/top_level.txt
[0.875s] writing manifest file '../../build/univector/univector.egg-info/SOURCES.txt'
[0.878s] reading manifest file '../../build/univector/univector.egg-info/SOURCES.txt'
[0.878s] adding license file 'LICENSE'
[0.878s] writing manifest file '../../build/univector/univector.egg-info/SOURCES.txt'
[0.878s] running build
[0.878s] running build_py
[0.879s] creating /home/vsss/repos/vsss24-ws/build/univector/build
[0.879s] creating /home/vsss/repos/vsss24-ws/build/univector/build/lib
[0.879s] creating /home/vsss/repos/vsss24-ws/build/univector/build/lib/univector
[0.879s] copying univector/definitions.py -> /home/vsss/repos/vsss24-ws/build/univector/build/lib/univector
[0.879s] copying univector/__init__.py -> /home/vsss/repos/vsss24-ws/build/univector/build/lib/univector
[0.879s] creating /home/vsss/repos/vsss24-ws/build/univector/build/lib/univector/univector
[0.879s] copying univector/univector/un_field.py -> /home/vsss/repos/vsss24-ws/build/univector/build/lib/univector/univector
[0.879s] copying univector/univector/debug.py -> /home/vsss/repos/vsss24-ws/build/univector/build/lib/univector/univector
[0.879s] copying univector/univector/__init__.py -> /home/vsss/repos/vsss24-ws/build/univector/build/lib/univector/univector
[0.879s] running install
[0.879s] /usr/lib/python3/dist-packages/setuptools/command/install.py:34: SetuptoolsDeprecationWarning: setup.py install is deprecated. Use build and pip and other standards-based tools.
[0.879s]   warnings.warn(
[0.880s] running install_lib
[0.880s] creating /home/vsss/repos/vsss24-ws/install/univector/lib/python3.10/site-packages/univector
[0.880s] copying /home/vsss/repos/vsss24-ws/build/univector/build/lib/univector/definitions.py -> /home/vsss/repos/vsss24-ws/install/univector/lib/python3.10/site-packages/univector
[0.881s] copying /home/vsss/repos/vsss24-ws/build/univector/build/lib/univector/__init__.py -> /home/vsss/repos/vsss24-ws/install/univector/lib/python3.10/site-packages/univector
[0.881s] creating /home/vsss/repos/vsss24-ws/install/univector/lib/python3.10/site-packages/univector/univector
[0.881s] copying /home/vsss/repos/vsss24-ws/build/univector/build/lib/univector/univector/un_field.py -> /home/vsss/repos/vsss24-ws/install/univector/lib/python3.10/site-packages/univector/univector
[0.881s] copying /home/vsss/repos/vsss24-ws/build/univector/build/lib/univector/univector/debug.py -> /home/vsss/repos/vsss24-ws/install/univector/lib/python3.10/site-packages/univector/univector
[0.881s] copying /home/vsss/repos/vsss24-ws/build/univector/build/lib/univector/univector/__init__.py -> /home/vsss/repos/vsss24-ws/install/univector/lib/python3.10/site-packages/univector/univector
[0.881s] byte-compiling /home/vsss/repos/vsss24-ws/install/univector/lib/python3.10/site-packages/univector/definitions.py to definitions.cpython-310.pyc
[0.882s] byte-compiling /home/vsss/repos/vsss24-ws/install/univector/lib/python3.10/site-packages/univector/__init__.py to __init__.cpython-310.pyc
[0.882s] byte-compiling /home/vsss/repos/vsss24-ws/install/univector/lib/python3.10/site-packages/univector/univector/un_field.py to un_field.cpython-310.pyc
[0.884s] byte-compiling /home/vsss/repos/vsss24-ws/install/univector/lib/python3.10/site-packages/univector/univector/debug.py to debug.cpython-310.pyc
[0.885s] byte-compiling /home/vsss/repos/vsss24-ws/install/univector/lib/python3.10/site-packages/univector/univector/__init__.py to __init__.cpython-310.pyc
[0.885s] running install_data
[0.885s] creating /home/vsss/repos/vsss24-ws/install/univector/share/ament_index
[0.885s] creating /home/vsss/repos/vsss24-ws/install/univector/share/ament_index/resource_index
[0.885s] creating /home/vsss/repos/vsss24-ws/install/univector/share/ament_index/resource_index/packages
[0.885s] copying resource/univector -> /home/vsss/repos/vsss24-ws/install/univector/share/ament_index/resource_index/packages
[0.885s] copying package.xml -> /home/vsss/repos/vsss24-ws/install/univector/share/univector
[0.885s] running install_egg_info
[0.887s] Copying ../../build/univector/univector.egg-info to /home/vsss/repos/vsss24-ws/install/univector/lib/python3.10/site-packages/univector-0.0.0-py3.10.egg-info
[0.887s] running install_scripts
[0.904s] writing list of installed files to '/home/vsss/repos/vsss24-ws/build/univector/install.log'
[0.927s] Invoked command in '/home/vsss/repos/vsss24-ws/src/univector' returned '0': PYTHONPATH=/home/vsss/repos/vsss24-ws/build/univector/prefix_override:/home/vsss/repos/vsss24-ws/install/univector/lib/python3.10/site-packages:${PYTHONPATH} /usr/bin/python3 setup.py egg_info --egg-base ../../build/univector build --build-base /home/vsss/repos/vsss24-ws/build/univector/build install --record /home/vsss/repos/vsss24-ws/build/univector/install.log --single-version-externally-managed
